<?xml version="1.0" encoding="UTF-8"?>
<testsuite name="com.amaap.ttp.creditcard.domain.EmailAlertTest" tests="1" skipped="0" failures="0" errors="0" timestamp="2024-03-24T11:50:18" hostname="LAPTOP-205J7BQ6" time="0.031">
  <properties/>
  <testcase name="testGenerateUnusualSpendingEmail()" classname="com.amaap.ttp.creditcard.domain.EmailAlertTest" time="0.031"/>
  <system-out><![CDATA[]]></system-out>
  <system-err><![CDATA[]]></system-err>
</testsuite>
