<?xml version="1.0" encoding="UTF-8"?>
<testsuite name="org.amaap.unusualspends.service.CustomerServiceTest" tests="1" skipped="0" failures="0" errors="0" timestamp="2024-05-01T09:13:37" hostname="LAPTOP-205J7BQ6" time="0.002">
  <properties/>
  <testcase name="shouldBeAbleToCreateCustomer()" classname="org.amaap.unusualspends.service.CustomerServiceTest" time="0.002"/>
  <system-out><![CDATA[]]></system-out>
  <system-err><![CDATA[]]></system-err>
</testsuite>
