<?xml version="1.0" encoding="UTF-8"?>
<testsuite name="com.amaap.ttp.creditcard.domain.validator.CustomerEmailValidationTest" tests="1" skipped="0" failures="0" errors="0" timestamp="2024-03-24T14:41:28" hostname="LAPTOP-205J7BQ6" time="0.002">
  <properties/>
  <testcase name="shouldAbleToValidateCustomerEmailId()" classname="com.amaap.ttp.creditcard.domain.validator.CustomerEmailValidationTest" time="0.002"/>
  <system-out><![CDATA[]]></system-out>
  <system-err><![CDATA[]]></system-err>
</testsuite>
