<?xml version="1.0" encoding="UTF-8"?>
<testsuite name="org.amaap.unusualspends.controller.CreditCardControllerTest" tests="1" skipped="0" failures="0" errors="0" timestamp="2024-05-07T10:45:26" hostname="LAPTOP-205J7BQ6" time="0.036">
  <properties/>
  <testcase name="shouldBeAbleGetOKResponseWhenCreditCardCreated()" classname="org.amaap.unusualspends.controller.CreditCardControllerTest" time="0.036"/>
  <system-out><![CDATA[]]></system-out>
  <system-err><![CDATA[]]></system-err>
</testsuite>
