<?xml version="1.0" encoding="UTF-8"?>
<testsuite name="org.amaap.unusualspends.service.CustomerServiceTest" tests="4" skipped="0" failures="0" errors="0" timestamp="2024-05-06T13:27:32" hostname="LAPTOP-205J7BQ6" time="0.04">
  <properties/>
  <testcase name="shouldAbleToThrowExceptionWhenCustomerNameIsInvalid()" classname="org.amaap.unusualspends.service.CustomerServiceTest" time="0.006"/>
  <testcase name="shouldBeAbleToCreateCustomer()" classname="org.amaap.unusualspends.service.CustomerServiceTest" time="0.001"/>
  <testcase name="shouldAbleToThrowAnExceptionWhenCustomerEmailIdIsInvalid()" classname="org.amaap.unusualspends.service.CustomerServiceTest" time="0.004"/>
  <testcase name="shouldBeAbleToAssignCardToCustomer()" classname="org.amaap.unusualspends.service.CustomerServiceTest" time="0.027"/>
  <system-out><![CDATA[CreditCard{id=1}CreditCard{id=1}
]]></system-out>
  <system-err><![CDATA[]]></system-err>
</testsuite>
