<?xml version="1.0" encoding="UTF-8"?>
<testsuite name="com.amaap.ttp.creditcard.CreditCardManagerTest" tests="1" skipped="0" failures="0" errors="0" timestamp="2024-03-24T12:41:56" hostname="LAPTOP-205J7BQ6" time="4.265">
  <properties/>
  <testcase name="shouldAbleToSendEmailForACustomerWithUnusualSpends()" classname="com.amaap.ttp.creditcard.CreditCardManagerTest" time="4.265"/>
  <system-out><![CDATA[]]></system-out>
  <system-err><![CDATA[]]></system-err>
</testsuite>
