<?xml version="1.0" encoding="UTF-8"?>
<testsuite name="org.amaap.unusualspends.service.CreditCardServiceTest" tests="1" skipped="0" failures="0" errors="0" timestamp="2024-05-06T17:42:09" hostname="LAPTOP-205J7BQ6" time="0.001">
  <properties/>
  <testcase name="shouldBeABleToCreateCreditCard()" classname="org.amaap.unusualspends.service.CreditCardServiceTest" time="0.001"/>
  <system-out><![CDATA[]]></system-out>
  <system-err><![CDATA[]]></system-err>
</testsuite>
