<?xml version="1.0" encoding="UTF-8"?>
<testsuite name="com.amaap.ttp.creditcard.CreditCardManagerTest" tests="1" skipped="0" failures="0" errors="0" timestamp="2024-03-24T13:16:41" hostname="LAPTOP-205J7BQ6" time="4.885">
  <properties/>
  <testcase name="shouldAbleToSendEmailForACustomerWithUnusualSpendsWIthThresholdPercentage()" classname="com.amaap.ttp.creditcard.CreditCardManagerTest" time="4.885"/>
  <system-out><![CDATA[]]></system-out>
  <system-err><![CDATA[]]></system-err>
</testsuite>
