<?xml version="1.0" encoding="UTF-8"?>
<testsuite name="com.amaap.ttp.creditcard.domain.CustomerTest" tests="4" skipped="0" failures="0" errors="0" timestamp="2024-03-23T13:02:55" hostname="LAPTOP-205J7BQ6" time="0.069">
  <properties/>
  <testcase name="shouldAbleToThrowExceptionWhenCustomerNameIsInvalid()" classname="com.amaap.ttp.creditcard.domain.CustomerTest" time="0.028"/>
  <testcase name="shouldAbleToCreateCustomer()" classname="com.amaap.ttp.creditcard.domain.CustomerTest" time="0.026"/>
  <testcase name="shouldAbleToThrowAnExceptionWhenCustomerEmailIdIsInvalid()" classname="com.amaap.ttp.creditcard.domain.CustomerTest" time="0.006"/>
  <testcase name="shouldAbleToThrowExceptionWhenCustomerIdIsInvalid()" classname="com.amaap.ttp.creditcard.domain.CustomerTest" time="0.005"/>
  <system-out><![CDATA[]]></system-out>
  <system-err><![CDATA[]]></system-err>
</testsuite>
