<?xml version="1.0" encoding="UTF-8"?>
<testsuite name="com.amaap.ttp.creditcard.domain.model.UnusualSpendTest" tests="4" skipped="0" failures="0" errors="0" timestamp="2024-03-24T10:53:45" hostname="LAPTOP-205J7BQ6" time="0.057">
  <properties/>
  <testcase name="shouldAblToReturnCurrentPreviousMonthTransactions()" classname="com.amaap.ttp.creditcard.domain.model.UnusualSpendTest" time="0.046"/>
  <testcase name="shouldAbleToGiveUnusualSpendWithCategoryAndAmount()" classname="com.amaap.ttp.creditcard.domain.model.UnusualSpendTest" time="0.004"/>
  <testcase name="shouldAbleToGetTotalTransactionsAmount()" classname="com.amaap.ttp.creditcard.domain.model.UnusualSpendTest" time="0.001"/>
  <testcase name="shouldAblToReturnCurrentMonthTransactions()" classname="com.amaap.ttp.creditcard.domain.model.UnusualSpendTest" time="0.002"/>
  <system-out><![CDATA[]]></system-out>
  <system-err><![CDATA[]]></system-err>
</testsuite>
