<?xml version="1.0" encoding="UTF-8"?>
<testsuite name="com.amaap.ttp.creditcard.domain.model.UnusualSpendTest" tests="2" skipped="0" failures="0" errors="0" timestamp="2024-03-24T10:49:56" hostname="LAPTOP-205J7BQ6" time="0.037">
  <properties/>
  <testcase name="shouldAbleToGetTotalTransactionsAmount()" classname="com.amaap.ttp.creditcard.domain.model.UnusualSpendTest" time="0.03"/>
  <testcase name="shouldAblToReturnCurrentMonthTransactions()" classname="com.amaap.ttp.creditcard.domain.model.UnusualSpendTest" time="0.005"/>
  <system-out><![CDATA[]]></system-out>
  <system-err><![CDATA[]]></system-err>
</testsuite>
