<?xml version="1.0" encoding="UTF-8"?>
<testsuite name="com.amaap.ttp.creditcard.domain.CreditCardManagerTest" tests="1" skipped="0" failures="0" errors="0" timestamp="2024-03-23T13:17:15" hostname="LAPTOP-205J7BQ6" time="0.04">
  <properties/>
  <testcase name="shouldAbleToCreateCustomer()" classname="com.amaap.ttp.creditcard.domain.CreditCardManagerTest" time="0.04"/>
  <system-out><![CDATA[]]></system-out>
  <system-err><![CDATA[]]></system-err>
</testsuite>
