<?xml version="1.0" encoding="UTF-8"?>
<testsuite name="org.amaap.unusualspends.controller.CustomerControllerTest" tests="1" skipped="0" failures="0" errors="0" timestamp="2024-05-01T05:57:41" hostname="LAPTOP-205J7BQ6" time="0.011">
  <properties/>
  <testcase name="shouldBeABleToReturnOkIfCustomerCreated()" classname="org.amaap.unusualspends.controller.CustomerControllerTest" time="0.011"/>
  <system-out><![CDATA[]]></system-out>
  <system-err><![CDATA[]]></system-err>
</testsuite>
