<?xml version="1.0" encoding="UTF-8"?>
<testsuite name="org.amaap.unusualspends.controller.CustomerControllerTest" tests="3" skipped="0" failures="0" errors="0" timestamp="2024-05-07T10:45:26" hostname="LAPTOP-205J7BQ6" time="0.014">
  <properties/>
  <testcase name="shouldBeAbleToAssignCreditCardToCustomer()" classname="org.amaap.unusualspends.controller.CustomerControllerTest" time="0.008"/>
  <testcase name="shouldBeAbleToReturnBAD_REQUESTIfCustomerWithInvalidDataCreated()" classname="org.amaap.unusualspends.controller.CustomerControllerTest" time="0.002"/>
  <testcase name="shouldBeAbleToReturnOkIfCustomerCreated()" classname="org.amaap.unusualspends.controller.CustomerControllerTest" time="0.001"/>
  <system-out><![CDATA[]]></system-out>
  <system-err><![CDATA[]]></system-err>
</testsuite>
