<?xml version="1.0" encoding="UTF-8"?>
<testsuite name="org.amaap.unusualspends.repository.impl.InMemoryCustomerRepositoryTest" tests="2" skipped="0" failures="0" errors="0" timestamp="2024-05-07T10:45:26" hostname="LAPTOP-205J7BQ6" time="0.003">
  <properties/>
  <testcase name="shouldBeAbleToStoreCustomerDataInInMemoryRepository()" classname="org.amaap.unusualspends.repository.impl.InMemoryCustomerRepositoryTest" time="0.001"/>
  <testcase name="shouldBeAbleToUpdateTheCustomerWithTheCreditCard()" classname="org.amaap.unusualspends.repository.impl.InMemoryCustomerRepositoryTest" time="0.001"/>
  <system-out><![CDATA[]]></system-out>
  <system-err><![CDATA[]]></system-err>
</testsuite>
