<?xml version="1.0" encoding="UTF-8"?>
<testsuite name="org.amaap.unusualspends.controller.TransactionControllerTest" tests="2" skipped="0" failures="0" errors="0" timestamp="2024-05-07T10:45:26" hostname="LAPTOP-205J7BQ6" time="0.023">
  <properties/>
  <testcase name="shouldBeAbleToReturnOkIfTransactionIsPerformed()" classname="org.amaap.unusualspends.controller.TransactionControllerTest" time="0.016"/>
  <testcase name="shouldBeAbleToReturnBAD_REQUESTIfInvalidAmountIsPassed()" classname="org.amaap.unusualspends.controller.TransactionControllerTest" time="0.005"/>
  <system-out><![CDATA[]]></system-out>
  <system-err><![CDATA[]]></system-err>
</testsuite>
