<?xml version="1.0" encoding="UTF-8"?>
<testsuite name="com.amaap.ttp.creditcard.domain.model.TransactionTest" tests="4" skipped="0" failures="0" errors="0" timestamp="2024-03-24T05:02:41" hostname="LAPTOP-205J7BQ6" time="0.062">
  <properties/>
  <testcase name="shouldBeAbleToThrowAnExceptionWhenTransactionAmountIsLessThanHundred()" classname="com.amaap.ttp.creditcard.domain.model.TransactionTest" time="0.048"/>
  <testcase name="shouldBeAbleToThrowAnExceptionWhenTransactionIdIsLessThanEqualToZero()" classname="com.amaap.ttp.creditcard.domain.model.TransactionTest" time="0.004"/>
  <testcase name="shouldBeAbleToThrowAnExceptionWhenTransactionAmountIsZero()" classname="com.amaap.ttp.creditcard.domain.model.TransactionTest" time="0.001"/>
  <testcase name="shouldBeAbleToThrowAnExceptionWhenTransactionAmountIsNegative()" classname="com.amaap.ttp.creditcard.domain.model.TransactionTest" time="0.002"/>
  <system-out><![CDATA[]]></system-out>
  <system-err><![CDATA[]]></system-err>
</testsuite>
