<?xml version="1.0" encoding="UTF-8"?>
<testsuite name="com.amaap.ttp.creditcard.domain.model.CreditCardTest" tests="1" skipped="0" failures="0" errors="0" timestamp="2024-03-24T14:41:28" hostname="LAPTOP-205J7BQ6" time="0.01">
  <properties/>
  <testcase name="shouldAbleToValidateCreditCardId()" classname="com.amaap.ttp.creditcard.domain.model.CreditCardTest" time="0.01"/>
  <system-out><![CDATA[]]></system-out>
  <system-err><![CDATA[]]></system-err>
</testsuite>
