<?xml version="1.0" encoding="UTF-8"?>
<testsuite name="org.amaap.unusualspends.repository.impl.InMemoryCreditCardRepositoryTest" tests="1" skipped="0" failures="0" errors="0" timestamp="2024-05-06T17:42:09" hostname="LAPTOP-205J7BQ6" time="0.0">
  <properties/>
  <testcase name="shouldBeAbleToInsertCreditCardIntoTable()" classname="org.amaap.unusualspends.repository.impl.InMemoryCreditCardRepositoryTest" time="0.0"/>
  <system-out><![CDATA[]]></system-out>
  <system-err><![CDATA[]]></system-err>
</testsuite>
