<?xml version="1.0" encoding="UTF-8"?>
<testsuite name="com.amaap.ttp.creditcard.domain.model.TransactionTest" tests="1" skipped="0" failures="0" errors="0" timestamp="2024-03-24T04:09:25" hostname="LAPTOP-205J7BQ6" time="0.045">
  <properties/>
  <testcase name="shouldBeAbleToThrowAnExceptionWhenTransactionIdIsLessThanEqualToZero()" classname="com.amaap.ttp.creditcard.domain.model.TransactionTest" time="0.045"/>
  <system-out><![CDATA[]]></system-out>
  <system-err><![CDATA[]]></system-err>
</testsuite>
