<?xml version="1.0" encoding="UTF-8"?>
<testsuite name="org.amaap.unusualspends.service.validator.transactionvalidator.TransactionValidatorTest" tests="7" skipped="0" failures="0" errors="0" timestamp="2024-05-07T10:45:27" hostname="LAPTOP-205J7BQ6" time="0.011">
  <properties/>
  <testcase name="shouldBeAbleToReturnTrueForInvalidTransactionCategoryNotFound()" classname="org.amaap.unusualspends.service.validator.transactionvalidator.TransactionValidatorTest" time="0.001"/>
  <testcase name="shouldBeAbleToReturnTrueForValidTransactionAmount()" classname="org.amaap.unusualspends.service.validator.transactionvalidator.TransactionValidatorTest" time="0.001"/>
  <testcase name="shouldBeAbleToReturnTrueForInvalidTransactionAmount()" classname="org.amaap.unusualspends.service.validator.transactionvalidator.TransactionValidatorTest" time="0.001"/>
  <testcase name="shouldBeAbleToReturnTrueForValidTransactionCategory()" classname="org.amaap.unusualspends.service.validator.transactionvalidator.TransactionValidatorTest" time="0.001"/>
  <testcase name="shouldBeAbleToReturnTrueForInvalidTransactionCategoryWithDigit()" classname="org.amaap.unusualspends.service.validator.transactionvalidator.TransactionValidatorTest" time="0.001"/>
  <testcase name="shouldBeAbleToReturnTrueForInvalidTransactionCategoryWithSpace()" classname="org.amaap.unusualspends.service.validator.transactionvalidator.TransactionValidatorTest" time="0.001"/>
  <testcase name="shouldBeAbleToReturnFalseForValidTransactionDate()" classname="org.amaap.unusualspends.service.validator.transactionvalidator.TransactionValidatorTest" time="0.001"/>
  <system-out><![CDATA[]]></system-out>
  <system-err><![CDATA[]]></system-err>
</testsuite>
