<?xml version="1.0" encoding="UTF-8"?>
<testsuite name="org.amaap.unusualspends.repository.impl.InMemoryCustomerRepositoryTest" tests="1" skipped="0" failures="0" errors="0" timestamp="2024-05-01T09:13:37" hostname="LAPTOP-205J7BQ6" time="0.034">
  <properties/>
  <testcase name="shouldBeAbleToStoreCustomerDataInInMemoryRepository()" classname="org.amaap.unusualspends.repository.impl.InMemoryCustomerRepositoryTest" time="0.034"/>
  <system-out><![CDATA[]]></system-out>
  <system-err><![CDATA[]]></system-err>
</testsuite>
