<?xml version="1.0" encoding="UTF-8"?>
<testsuite name="org.amaap.unusualspends.domain.model.entity.CreditCardTest" tests="1" skipped="0" failures="0" errors="0" timestamp="2024-05-06T17:25:27" hostname="LAPTOP-205J7BQ6" time="0.027">
  <properties/>
  <testcase name="shouldBeAbleToCreateCreditCard()" classname="org.amaap.unusualspends.domain.model.entity.CreditCardTest" time="0.027"/>
  <system-out><![CDATA[]]></system-out>
  <system-err><![CDATA[]]></system-err>
</testsuite>
