<?xml version="1.0" encoding="UTF-8"?>
<testsuite name="com.amaap.ttp.creditcard.domain.services.EmailAlertMessageTest" tests="1" skipped="0" failures="0" errors="0" timestamp="2024-03-24T14:41:28" hostname="LAPTOP-205J7BQ6" time="0.001">
  <properties/>
  <testcase name="testGenerateUnusualSpendingEmail()" classname="com.amaap.ttp.creditcard.domain.services.EmailAlertMessageTest" time="0.001"/>
  <system-out><![CDATA[]]></system-out>
  <system-err><![CDATA[]]></system-err>
</testsuite>
