<?xml version="1.0" encoding="UTF-8"?>
<testsuite name="com.amaap.ttp.creditcard.domain.model.UnusualSpendTest" tests="3" skipped="0" failures="0" errors="0" timestamp="2024-03-24T10:51:23" hostname="LAPTOP-205J7BQ6" time="0.057">
  <properties/>
  <testcase name="shouldAblToReturnCurrentPreviousMonthTransactions()" classname="com.amaap.ttp.creditcard.domain.model.UnusualSpendTest" time="0.049"/>
  <testcase name="shouldAbleToGetTotalTransactionsAmount()" classname="com.amaap.ttp.creditcard.domain.model.UnusualSpendTest" time="0.003"/>
  <testcase name="shouldAblToReturnCurrentMonthTransactions()" classname="com.amaap.ttp.creditcard.domain.model.UnusualSpendTest" time="0.001"/>
  <system-out><![CDATA[]]></system-out>
  <system-err><![CDATA[]]></system-err>
</testsuite>
